<?xml version="1.0" encoding="UTF-8"?>
<!-- Generated by org.testng.reporters.JUnitXMLReporter -->
<testsuite hostname="IGSs-MacBook-Air-3.local" failures="1" tests="6" name="iOSHipiNeo" time="2059.676" errors="0" timestamp="21 Nov 2023 11:35:52 GMT">
  <testcase classname="com.zee5.iOS_HiPi_NeoScripts.IOS_HiPi_Neo_Priority_P0_Test_cases" name="@AfterClass tearDownApp" time="0.0">
    <failure type="java.lang.IllegalAccessError" message="class com.spire.xls.packages.sprqxh (in unnamed module @0x3a82f6ef) cannot access class sun.security.action.GetPropertyAction (in module java.base) because module java.base does not export sun.security.action to unnamed module @0x3a82f6ef">
      <![CDATA[java.lang.IllegalAccessError: class com.spire.xls.packages.sprqxh (in unnamed module @0x3a82f6ef) cannot access class sun.security.action.GetPropertyAction (in module java.base) because module java.base does not export sun.security.action to unnamed module @0x3a82f6ef
	at com.spire.xls.packages.sprqxh.spr┿┡(Unknown Source)
	at com.spire.xls.packages.sprqxh.spr‱┍(Unknown Source)
	at com.spire.xls.packages.sprqxh.<init>(Unknown Source)
	at com.spire.xls.packages.spriag.<init>(Unknown Source)
	at com.spire.xls.packages.sprqeg.<init>(Unknown Source)
	at com.spire.xls.core.spreadsheet.XlsWorkbook.<init>(Unknown Source)
	at com.spire.xls.Workbook.<init>(Unknown Source)
	at com.excel.Time_ExcelUpdate.AutoFitColumn(Time_ExcelUpdate.java:471)
	at com.zee5.iOS_HiPi_NeoScripts.IOS_HiPi_Neo_Priority_P0_Test_cases.tearDownApp(IOS_HiPi_Neo_Priority_P0_Test_cases.java:33)
... Removed 24 stack frames]]>
    </failure>
  </testcase> <!-- @AfterClass tearDownApp -->
  <testcase classname="com.zee5.iOS_HiPi_NeoScripts.IOS_HiPi_Neo_Priority_P0_Test_cases" name="getUrl" time="50.986"/>
  <testcase classname="com.zee5.iOS_HiPi_NeoScripts.IOS_HiPi_Neo_Priority_P0_Test_cases" name="TimeTakenToAppNavigationToAppStoreClickingOnCreateButton" time="59.086"/>
  <testcase classname="com.zee5.iOS_HiPi_NeoScripts.IOS_HiPi_Neo_Priority_P0_Test_cases" name="MPWATimeTakenToloadDiscoverPage" time="53.161"/>
  <testcase classname="com.zee5.iOS_HiPi_NeoScripts.IOS_HiPi_Neo_Priority_P0_Test_cases" name="TimeTakenToloadSearshResultInDiscoverPage" time="38.437"/>
  <testcase classname="com.zee5.iOS_HiPi_NeoScripts.IOS_HiPi_Neo_Priority_P0_Test_cases" name="TimeTakenToloadAutoSuSearshResultInDiscoverPage" time="43.636"/>
  <testcase classname="com.zee5.iOS_HiPi_NeoScripts.IOS_HiPi_Neo_Priority_P0_Test_cases" name="searchSuggestions" time="1709.09">
    <failure type="org.openqa.selenium.NoSuchElementException" message="An element could not be located on the page using the given search parameters. (WARNING: The server did not provide any stacktrace information)
Command duration or timeout: 0 milliseconds
For documentation on this error, please visit: https://www.seleniumhq.org/exceptions/no_such_element.html
Build info: version: &amp;apos;3.141.59&amp;apos;, revision: &amp;apos;e82be7d358&amp;apos;, time: &amp;apos;2018-11-14T08:17:03&amp;apos;
System info: host: &amp;apos;IGSs-MacBook-Air-3.local&amp;apos;, ip: &amp;apos;fe80:0:0:0:8f8:d5c7:d23f:76a1%en0&amp;apos;, os.name: &amp;apos;Mac OS X&amp;apos;, os.arch: &amp;apos;x86_64&amp;apos;, os.version: &amp;apos;12.5&amp;apos;, java.version: &amp;apos;17.0.5&amp;apos;
Driver info: io.appium.java_client.ios.IOSDriver
Capabilities {64bit: false, acceptSslCert: false, acceptSslCerts: false, autoAcceptAlerts: true, autoGrantPermissions: true, automationName: XCUITest, biometricUserOptionAccessible: false, bootstrapPath: /usr/local/.browserstack/co..., browserName: , browserstack.appium_version: 1.21.0, browserstack.isTargetBased: false, browserstack.is_hub_canary: false, browserstack.minOSVersion: 15.0, bundleID: com.zee5.hipi, bundleId: com.zee5.hipi, capabilities: {64bit: false, acceptSslCert: false, acceptSslCerts: false, autoAcceptAlerts: true, autoGrantPermissions: true, automationName: XCUITest, biometricUserOptionAccessible: false, bootstrapPath: /usr/local/.browserstack/co..., browserName: , browserstack.appium_version: 1.21.0, browserstack.isTargetBased: false, browserstack.is_hub_canary: false, browserstack.minOSVersion: 15.0, bundleID: com.zee5.hipi, bundleId: com.zee5.hipi, custom_replay_kit_params: {&amp;quot;rotation&amp;quot;:&amp;quot;false&amp;quot;,&amp;quot;captur..., databaseEnabled: false, detected_language: selenium/3.141.59 (java mac), device: iphone, deviceName: iPhone 13 Pro, deviceOrientation: PORTRAIT, javascriptEnabled: true, language: en, locale: en_IN, locationContextEnabled: false, mobile: {browser: mobile, version: iPhone 13 Pro-15.6}, networkConnectionEnabled: false, newCommandTimeout: 0, new_bucketing: true, noReset: true, orientation: PORTRAIT, orig_os: ios, platform: MAC, platformName: iOS, realMobile: true, safariIgnoreFraudWarning: true, safariInitialUrl: https://hipi.co.in, sessionId: 10e516237470c6dfa3161300dc7..., takesScreenshot: true, udid: 00008110-001649863442801E, uiautomator2ServerLaunchTimeout: 60000, useXctestrunFile: true, version: , waitForQuiescence: false, wdaStartupRetries: 3, wda_port: 8400, webStorageEnabled: false, webkitResponseTimeout: 20000}, custom_replay_kit_params: {&amp;quot;rotation&amp;quot;:&amp;quot;false&amp;quot;,&amp;quot;captur..., databaseEnabled: false, detected_language: selenium/3.141.59 (java mac), device: iphone, deviceName: iPhone 13 Pro, deviceOrientation: PORTRAIT, javascriptEnabled: true, language: en, locale: en_IN, locationContextEnabled: false, mobile: {browser: mobile, version: iPhone 13 Pro-15.6}, networkConnectionEnabled: false, newCommandTimeout: 0, new_bucketing: true, noReset: true, orientation: PORTRAIT, orig_os: ios, platform: MAC, platformName: iOS, realMobile: true, safariIgnoreFraudWarning: true, safariInitialUrl: https://hipi.co.in, sessionId: 10e516237470c6dfa3161300dc7..., takesScreenshot: true, udid: 00008110-001649863442801E, uiautomator2ServerLaunchTimeout: 60000, useXctestrunFile: true, version: , waitForQuiescence: false, wdaStartupRetries: 3, wda_port: 8400, webStorageEnabled: false, webkitResponseTimeout: 20000}
Session ID: 10e516237470c6dfa3161300dc7395468262d10a
*** Element info: {Using=xpath, value=(//*[@type=&amp;apos;XCUIElementTypeSearchField&amp;apos; and @value=&amp;apos;Search&amp;apos;]//child::*)[2] | //XCUIElementTypeButton[@name=&amp;apos;ic search&amp;apos;] | //*[@type=&amp;apos;XCUIElementTypeSearchField&amp;apos; ]}">
      <![CDATA[org.openqa.selenium.NoSuchElementException: An element could not be located on the page using the given search parameters. (WARNING: The server did not provide any stacktrace information)
Command duration or timeout: 0 milliseconds
For documentation on this error, please visit: https://www.seleniumhq.org/exceptions/no_such_element.html
Build info: version: '3.141.59', revision: 'e82be7d358', time: '2018-11-14T08:17:03'
System info: host: 'IGSs-MacBook-Air-3.local', ip: 'fe80:0:0:0:8f8:d5c7:d23f:76a1%en0', os.name: 'Mac OS X', os.arch: 'x86_64', os.version: '12.5', java.version: '17.0.5'
Driver info: io.appium.java_client.ios.IOSDriver
Capabilities {64bit: false, acceptSslCert: false, acceptSslCerts: false, autoAcceptAlerts: true, autoGrantPermissions: true, automationName: XCUITest, biometricUserOptionAccessible: false, bootstrapPath: /usr/local/.browserstack/co..., browserName: , browserstack.appium_version: 1.21.0, browserstack.isTargetBased: false, browserstack.is_hub_canary: false, browserstack.minOSVersion: 15.0, bundleID: com.zee5.hipi, bundleId: com.zee5.hipi, capabilities: {64bit: false, acceptSslCert: false, acceptSslCerts: false, autoAcceptAlerts: true, autoGrantPermissions: true, automationName: XCUITest, biometricUserOptionAccessible: false, bootstrapPath: /usr/local/.browserstack/co..., browserName: , browserstack.appium_version: 1.21.0, browserstack.isTargetBased: false, browserstack.is_hub_canary: false, browserstack.minOSVersion: 15.0, bundleID: com.zee5.hipi, bundleId: com.zee5.hipi, custom_replay_kit_params: {"rotation":"false","captur..., databaseEnabled: false, detected_language: selenium/3.141.59 (java mac), device: iphone, deviceName: iPhone 13 Pro, deviceOrientation: PORTRAIT, javascriptEnabled: true, language: en, locale: en_IN, locationContextEnabled: false, mobile: {browser: mobile, version: iPhone 13 Pro-15.6}, networkConnectionEnabled: false, newCommandTimeout: 0, new_bucketing: true, noReset: true, orientation: PORTRAIT, orig_os: ios, platform: MAC, platformName: iOS, realMobile: true, safariIgnoreFraudWarning: true, safariInitialUrl: https://hipi.co.in, sessionId: 10e516237470c6dfa3161300dc7..., takesScreenshot: true, udid: 00008110-001649863442801E, uiautomator2ServerLaunchTimeout: 60000, useXctestrunFile: true, version: , waitForQuiescence: false, wdaStartupRetries: 3, wda_port: 8400, webStorageEnabled: false, webkitResponseTimeout: 20000}, custom_replay_kit_params: {"rotation":"false","captur..., databaseEnabled: false, detected_language: selenium/3.141.59 (java mac), device: iphone, deviceName: iPhone 13 Pro, deviceOrientation: PORTRAIT, javascriptEnabled: true, language: en, locale: en_IN, locationContextEnabled: false, mobile: {browser: mobile, version: iPhone 13 Pro-15.6}, networkConnectionEnabled: false, newCommandTimeout: 0, new_bucketing: true, noReset: true, orientation: PORTRAIT, orig_os: ios, platform: MAC, platformName: iOS, realMobile: true, safariIgnoreFraudWarning: true, safariInitialUrl: https://hipi.co.in, sessionId: 10e516237470c6dfa3161300dc7..., takesScreenshot: true, udid: 00008110-001649863442801E, uiautomator2ServerLaunchTimeout: 60000, useXctestrunFile: true, version: , waitForQuiescence: false, wdaStartupRetries: 3, wda_port: 8400, webStorageEnabled: false, webkitResponseTimeout: 20000}
Session ID: 10e516237470c6dfa3161300dc7395468262d10a
*** Element info: {Using=xpath, value=(//*[@type='XCUIElementTypeSearchField' and @value='Search']//child::*)[2] | //XCUIElementTypeButton[@name='ic search'] | //*[@type='XCUIElementTypeSearchField' ]}
	at org.openqa.selenium.remote.ErrorHandler.createThrowable(ErrorHandler.java:214)
	at org.openqa.selenium.remote.ErrorHandler.throwIfResponseFailed(ErrorHandler.java:166)
	at org.openqa.selenium.remote.http.JsonHttpResponseCodec.reconstructValue(JsonHttpResponseCodec.java:40)
	at org.openqa.selenium.remote.http.AbstractHttpResponseCodec.decode(AbstractHttpResponseCodec.java:80)
	at org.openqa.selenium.remote.http.AbstractHttpResponseCodec.decode(AbstractHttpResponseCodec.java:44)
	at org.openqa.selenium.remote.HttpCommandExecutor.execute(HttpCommandExecutor.java:158)
	at io.appium.java_client.remote.AppiumCommandExecutor.execute(AppiumCommandExecutor.java:239)
	at org.openqa.selenium.remote.RemoteWebDriver.execute(RemoteWebDriver.java:552)
	at io.appium.java_client.DefaultGenericMobileDriver.execute(DefaultGenericMobileDriver.java:41)
	at io.appium.java_client.AppiumDriver.execute(AppiumDriver.java:1)
	at io.appium.java_client.ios.IOSDriver.execute(IOSDriver.java:1)
	at org.openqa.selenium.remote.RemoteWebDriver.findElement(RemoteWebDriver.java:323)
	at io.appium.java_client.DefaultGenericMobileDriver.findElement(DefaultGenericMobileDriver.java:61)
	at io.appium.java_client.AppiumDriver.findElement(AppiumDriver.java:1)
	at io.appium.java_client.ios.IOSDriver.findElement(IOSDriver.java:1)
	at org.openqa.selenium.remote.RemoteWebDriver.findElementByXPath(RemoteWebDriver.java:428)
	at io.appium.java_client.DefaultGenericMobileDriver.findElementByXPath(DefaultGenericMobileDriver.java:151)
	at io.appium.java_client.AppiumDriver.findElementByXPath(AppiumDriver.java:1)
	at io.appium.java_client.ios.IOSDriver.findElementByXPath(IOSDriver.java:1)
	at org.openqa.selenium.By$ByXPath.findElement(By.java:353)
	at org.openqa.selenium.remote.RemoteWebDriver.findElement(RemoteWebDriver.java:315)
	at io.appium.java_client.DefaultGenericMobileDriver.findElement(DefaultGenericMobileDriver.java:57)
	at io.appium.java_client.AppiumDriver.findElement(AppiumDriver.java:1)
	at io.appium.java_client.ios.IOSDriver.findElement(IOSDriver.java:1)
	at com.business.zee.Zee5ApplicasteriOSHipiNeoSanityBusinessLogic.searchResultsMPWA(Zee5ApplicasteriOSHipiNeoSanityBusinessLogic.java:42431)
	at com.zee5.iOS_HiPi_NeoScripts.IOS_HiPi_Neo_Priority_P0_Test_cases.searchSuggestions(IOS_HiPi_Neo_Priority_P0_Test_cases.java:351)
... Removed 28 stack frames]]>
    </failure>
  </testcase> <!-- searchSuggestions -->
</testsuite> <!-- iOSHipiNeo -->
